usage: astro_methods_bakeoff.py [-h] [--mode {bakeoff,hparam_search}]
                                --pairs_dir PAIRS_DIR --out_root OUT_ROOT
                                [--bases BASES] [--base_model BASE_MODEL]
                                [--lexicon_json LEXICON_JSON]
                                [--adapter_type {pfeiffer,houlsby}]
                                [--reduction_factor REDUCTION_FACTOR]
                                [--epochs EPOCHS] [--batch_size BATCH_SIZE]
                                [--grad_accum GRAD_ACCUM] [--lr LR]
                                [--max_seq_length MAX_SEQ_LENGTH]
                                [--window_tokens WINDOW_TOKENS]
                                [--stride STRIDE] [--mask_prob MASK_PROB]
                                [--device DEVICE] [--num_workers NUM_WORKERS]
                                [--paras_dir PARAS_DIR]
                                [--cluster_sample CLUSTER_SAMPLE]
                                [--umap_dim UMAP_DIM]
                                [--n_neighbors N_NEIGHBORS]
                                [--min_cluster_size MIN_CLUSTER_SIZE]
                                [--min_samples MIN_SAMPLES]
                                [--search_trials SEARCH_TRIALS]
                                [--search_epochs SEARCH_EPOCHS]
astro_methods_bakeoff.py: error: unrecognized arguments: --hf_cache /vol/bitbucket/bp824/hf_models
